Starting DemoApplication on DESKTOP-QHQ2DNK with PID 5644 (F:\IdeaProjects\exceldemo-mybatis\target\classes started by lyk in F:\IdeaProjects\exceldemo-mybatis)
No active profile set, falling back to default profiles: default
Refreshing org.springframework.boot.web.servlet.context.AnnotationConfigServletWebServerApplicationContext@745e31ce: startup date [Thu Jul 19 17:24:48 CST 2018]; root of context hierarchy
Tomcat initialized with port(s): 8080 (http)
Initializing ProtocolHandler ["http-nio-8080"]
Starting service [Tomcat]
Starting Servlet Engine: Apache Tomcat/8.5.31
Loaded APR based Apache Tomcat Native library [1.2.16] using APR version [1.6.3].
APR capabilities: IPv6 [true], sendfile [true], accept filters [false], random [true].
APR/OpenSSL configuration: useAprConnector [false], useOpenSSL [true]
OpenSSL successfully initialized [OpenSSL 1.0.2m  2 Nov 2017]
Initializing Spring embedded WebApplicationContext
Root WebApplicationContext: initialization completed in 2023 ms
Servlet dispatcherServlet mapped to [/]
Mapping filter: 'characterEncodingFilter' to: [/*]
Mapping filter: 'hiddenHttpMethodFilter' to: [/*]
Mapping filter: 'httpPutFormContentFilter' to: [/*]
Mapping filter: 'requestContextFilter' to: [/*]
Mapped URL path [/**/favicon.ico] onto handler of type [class org.springframework.web.servlet.resource.ResourceHttpRequestHandler]
Looking for @ControllerAdvice: org.springframework.boot.web.servlet.context.AnnotationConfigServletWebServerApplicationContext@745e31ce: startup date [Thu Jul 19 17:24:48 CST 2018]; root of context hierarchy
Mapped "{[/excel/index]}" onto public java.lang.String com.excel.demo.controller.ExcelController.index()
Mapped "{[/excel/import]}" onto public java.lang.String com.excel.demo.controller.ExcelController.dataImport(org.springframework.web.multipart.MultipartFile)
Mapped "{[/excel/export]}" onto public java.lang.String com.excel.demo.controller.ExcelController.dataExport(javax.servlet.http.HttpServletResponse)
Mapped "{[/error]}" onto public org.springframework.http.ResponseEntity<java.util.Map<java.lang.String, java.lang.Object>> org.springframework.boot.autoconfigure.web.servlet.error.BasicErrorController.error(javax.servlet.http.HttpServletRequest)
Mapped "{[/error],produces=[text/html]}" onto public org.springframework.web.servlet.ModelAndView org.springframework.boot.autoconfigure.web.servlet.error.BasicErrorController.errorHtml(javax.servlet.http.HttpServletRequest,javax.servlet.http.HttpServletResponse)
Mapped URL path [/webjars/**] onto handler of type [class org.springframework.web.servlet.resource.ResourceHttpRequestHandler]
Mapped URL path [/**] onto handler of type [class org.springframework.web.servlet.resource.ResourceHttpRequestHandler]
Adding welcome page template: index
LiveReload server is running on port 35729
Registering beans for JMX exposure on startup
Bean with name 'dataSource' has been autodetected for JMX exposure
Located MBean 'dataSource': registering with JMX server as MBean [com.zaxxer.hikari:name=dataSource,type=HikariDataSource]
Starting ProtocolHandler ["http-nio-8080"]
Pausing ProtocolHandler ["http-nio-8080"]
Stopping service [Tomcat]
The stop() method was called on component [StandardServer[-1]] after stop() had already been called. The second call will be ignored.
Stopping ProtocolHandler ["http-nio-8080"]
Destroying ProtocolHandler ["http-nio-8080"]


Error starting ApplicationContext. To display the conditions report re-run your application with 'debug' enabled.
Closing org.springframework.boot.web.servlet.context.AnnotationConfigServletWebServerApplicationContext@745e31ce: startup date [Thu Jul 19 17:24:48 CST 2018]; root of context hierarchy
Unregistering JMX-exposed beans on shutdown
Unregistering JMX-exposed beans
